<?xml version="1.0" encoding="UTF-8"?>
<testsuite name="TestSuite" time="63.966" tests="3" errors="0" skipped="0" failures="1">
  <properties>
[...]
</properties>
  <testcase name="laptop" classname="com.maven.pack1.PopItemstest" time="22.086"/>
  <testcase name="spk" classname="com.maven.pack1.PopItemstest" time="21.138">
    <failure message="expected [true] but found [false]" type="java.lang.AssertionError">java.lang.AssertionError: expected [true] but found [false]
	at org.testng.Assert.fail(Assert.java:96)
	at org.testng.Assert.failNotEquals(Assert.java:776)
	at org.testng.Assert.assertTrue(Assert.java:44)
	at org.testng.Assert.assertTrue(Assert.java:54)
	at com.maven.pack1.PopItemstest.spk(PopItemstest.java:138)
</failure>
    <system-out><![CDATA[ test is fail
]]></system-out>
    <system-err><![CDATA[Starting MSEdgeDriver 101.0.1210.47 (f5323bd54bb60f77072603850ed368ae23c34251) on port 51287
Only local connections are allowed.
Please see https://chromedriver.chromium.org/security-considerations for suggestions on keeping MSEdgeDriver safe.
MSEdgeDriver was started successfully.
May 19, 2022 7:23:03 PM org.openqa.selenium.remote.ProtocolHandshake createSession
INFO: Detected dialect: W3C
May 19, 2022 7:23:03 PM org.openqa.selenium.devtools.CdpVersionFinder findNearestMatch
INFO: Found exact CDP implementation for version 101
]]></system-err>
  </testcase>
  <testcase name="tablet" classname="com.maven.pack1.PopItemstest" time="20.742"/>
</testsuite>